<?xml version="1.0" encoding="UTF-8"?>
<!-- Generated by org.testng.reporters.JUnitReportReporter -->
<testsuite hostname="SHREESHA" failures="0" tests="1" name="testCases.TC001_AccountRegistrationTest" time="2.944" errors="0" timestamp="2025-04-17T18:55:00 IST" skipped="0">
  <testcase classname="testCases.TC001_AccountRegistrationTest" name="verify_account_registration" time="2.944"/>
  <system-out/>
</testsuite> <!-- testCases.TC001_AccountRegistrationTest -->
